2020/11/12 - 18:05:22.590	info	use middleware logger
2020/11/12 - 18:05:22.590	info	use middleware cors
2020/11/12 - 18:05:22.590	info	router register success
2020/11/12 - 18:05:22.590	info	server run success on 	{"address": ":8080"}
2020/11/12 - 20:19:50.144	error	accept tcp [::]:8080: use of closed network connection
2020/11/12 - 20:20:42.311	info	use middleware logger
2020/11/12 - 20:20:42.311	info	use middleware cors
2020/11/12 - 20:20:42.311	info	router register success
2020/11/12 - 20:20:42.311	info	server run success on 	{"address": ":8080"}
2020/11/12 - 20:32:42.732	error	accept tcp [::]:8080: use of closed network connection
2020/11/12 - 20:32:56.615	info	use middleware logger
2020/11/12 - 20:32:56.616	info	use middleware cors
2020/11/12 - 20:32:56.616	info	register swagger handler
2020/11/12 - 20:32:56.616	info	router register success
2020/11/12 - 20:32:56.616	info	server run success on 	{"address": ":8080"}
2020/11/12 - 20:36:04.065	error	accept tcp [::]:8080: use of closed network connection
2020/11/12 - 20:36:13.082	info	use middleware logger
2020/11/12 - 20:36:13.083	info	use middleware cors
2020/11/12 - 20:36:13.083	info	register swagger handler
2020/11/12 - 20:36:13.083	info	router register success
2020/11/12 - 20:36:13.083	info	server run success on 	{"address": ":8080"}
2020/11/12 - 20:52:57.616	error	accept tcp [::]:8080: use of closed network connection
2020/11/12 - 20:53:13.555	info	use middleware logger
2020/11/12 - 20:53:13.556	info	use middleware cors
2020/11/12 - 20:53:13.556	info	register swagger handler
2020/11/12 - 20:53:13.556	info	router register success
2020/11/12 - 20:53:13.556	info	server run success on 	{"address": ":8080"}
2020/11/12 - 20:55:49.819	error	accept tcp [::]:8080: use of closed network connection
2020/11/12 - 20:55:54.931	info	use middleware logger
2020/11/12 - 20:55:54.932	info	use middleware cors
2020/11/12 - 20:55:54.932	info	register swagger handler
2020/11/12 - 20:55:54.932	info	router register success
2020/11/12 - 20:55:54.932	info	server run success on 	{"address": ":8080"}
2020/11/12 - 20:56:06.544	error	accept tcp [::]:8080: use of closed network connection
2020/11/12 - 20:56:19.020	info	use middleware logger
2020/11/12 - 20:56:19.022	info	use middleware cors
2020/11/12 - 20:56:19.022	info	register swagger handler
2020/11/12 - 20:56:19.022	info	router register success
2020/11/12 - 20:56:19.022	info	server run success on 	{"address": ":8080"}
2020/11/12 - 21:23:38.271	error	accept tcp [::]:8080: use of closed network connection
