2020/11/13 - 11:28:45.233	info	use middleware logger
2020/11/13 - 11:28:45.234	info	use middleware cors
2020/11/13 - 11:28:45.234	info	register swagger handler
2020/11/13 - 11:28:45.234	info	router register success
2020/11/13 - 11:28:45.234	info	server run success on 	{"address": ":8080"}
2020/11/13 - 12:20:13.157	error	accept tcp [::]:8080: use of closed network connection
2020/11/13 - 12:20:18.781	info	use middleware logger
2020/11/13 - 12:20:18.781	info	use middleware cors
2020/11/13 - 12:20:18.782	info	register swagger handler
2020/11/13 - 12:20:18.782	info	router register success
2020/11/13 - 12:20:18.782	info	server run success on 	{"address": ":8080"}
2020/11/13 - 12:26:17.821	error	accept tcp [::]:8080: use of closed network connection
2020/11/13 - 12:26:23.115	info	use middleware logger
2020/11/13 - 12:26:23.116	info	use middleware cors
2020/11/13 - 12:26:23.116	info	register swagger handler
2020/11/13 - 12:26:23.116	info	router register success
2020/11/13 - 12:26:23.116	info	server run success on 	{"address": ":8080"}
2020/11/13 - 12:28:04.607	error	accept tcp [::]:8080: use of closed network connection
2020/11/13 - 12:28:08.922	info	use middleware logger
2020/11/13 - 12:28:08.923	info	use middleware cors
2020/11/13 - 12:28:08.923	info	register swagger handler
2020/11/13 - 12:28:08.923	info	router register success
2020/11/13 - 12:28:08.923	info	server run success on 	{"address": ":8080"}
2020/11/13 - 13:05:55.533	error	accept tcp [::]:8080: use of closed network connection
2020/11/13 - 13:06:01.083	info	use middleware logger
2020/11/13 - 13:06:01.084	info	use middleware cors
2020/11/13 - 13:06:01.084	info	register swagger handler
2020/11/13 - 13:06:01.084	info	router register success
2020/11/13 - 13:06:01.085	info	server run success on 	{"address": ":8080"}
2020/11/13 - 13:11:01.660	error	accept tcp [::]:8080: use of closed network connection
2020/11/13 - 13:11:10.518	info	use middleware logger
2020/11/13 - 13:11:10.519	info	use middleware cors
2020/11/13 - 13:11:10.519	info	register swagger handler
2020/11/13 - 13:11:10.519	info	router register success
2020/11/13 - 13:11:10.519	info	server run success on 	{"address": ":8080"}
2020/11/13 - 13:14:02.500	error	accept tcp [::]:8080: use of closed network connection
2020/11/13 - 13:14:20.715	info	use middleware logger
2020/11/13 - 13:14:20.716	info	use middleware cors
2020/11/13 - 13:14:20.716	info	register swagger handler
2020/11/13 - 13:14:20.716	info	router register success
2020/11/13 - 13:14:20.716	info	server run success on 	{"address": ":8080"}
2020/11/13 - 13:15:09.536	error	accept tcp [::]:8080: use of closed network connection
2020/11/13 - 13:15:14.335	info	use middleware logger
2020/11/13 - 13:15:14.336	info	use middleware cors
2020/11/13 - 13:15:14.336	info	register swagger handler
2020/11/13 - 13:15:14.336	info	router register success
2020/11/13 - 13:15:14.336	info	server run success on 	{"address": ":8080"}
2020/11/13 - 13:19:22.020	error	accept tcp [::]:8080: use of closed network connection
2020/11/13 - 13:20:04.288	info	use middleware logger
2020/11/13 - 13:20:04.289	info	use middleware cors
2020/11/13 - 13:20:04.289	info	register swagger handler
2020/11/13 - 13:20:04.289	info	router register success
2020/11/13 - 13:20:04.289	info	server run success on 	{"address": ":8080"}
2020/11/13 - 13:22:25.047	error	accept tcp [::]:8080: use of closed network connection
2020/11/13 - 13:22:30.490	info	use middleware logger
2020/11/13 - 13:22:30.490	info	use middleware cors
2020/11/13 - 13:22:30.490	info	register swagger handler
2020/11/13 - 13:22:30.490	info	router register success
2020/11/13 - 13:22:30.490	info	server run success on 	{"address": ":8080"}
2020/11/13 - 13:28:07.234	error	accept tcp [::]:8080: use of closed network connection
2020/11/13 - 13:28:12.390	info	use middleware logger
2020/11/13 - 13:28:12.391	info	use middleware cors
2020/11/13 - 13:28:12.391	info	register swagger handler
2020/11/13 - 13:28:12.391	info	router register success
2020/11/13 - 13:28:12.391	info	server run success on 	{"address": ":8080"}
2020/11/13 - 13:29:15.161	error	accept tcp [::]:8080: use of closed network connection
2020/11/13 - 13:29:22.982	info	use middleware logger
2020/11/13 - 13:29:22.982	info	use middleware cors
2020/11/13 - 13:29:22.983	info	register swagger handler
2020/11/13 - 13:29:22.983	info	router register success
2020/11/13 - 13:29:22.983	info	server run success on 	{"address": ":8080"}
2020/11/13 - 13:31:08.944	error	accept tcp [::]:8080: use of closed network connection
2020/11/13 - 13:31:13.581	info	use middleware logger
2020/11/13 - 13:31:13.582	info	use middleware cors
2020/11/13 - 13:31:13.582	info	register swagger handler
2020/11/13 - 13:31:13.582	info	router register success
2020/11/13 - 13:31:13.582	info	server run success on 	{"address": ":8080"}
2020/11/13 - 13:44:54.748	error	accept tcp [::]:8080: use of closed network connection
2020/11/13 - 13:45:12.957	info	use middleware logger
2020/11/13 - 13:45:12.958	info	use middleware cors
2020/11/13 - 13:45:12.958	info	register swagger handler
2020/11/13 - 13:45:12.958	info	router register success
2020/11/13 - 13:45:12.958	info	server run success on 	{"address": ":8080"}
2020/11/13 - 13:53:26.186	error	accept tcp [::]:8080: use of closed network connection
2020/11/13 - 13:53:38.618	info	use middleware logger
2020/11/13 - 13:53:38.618	info	use middleware cors
2020/11/13 - 13:53:38.619	info	register swagger handler
2020/11/13 - 13:53:38.619	info	router register success
2020/11/13 - 13:53:38.619	info	server run success on 	{"address": ":8080"}
2020/11/13 - 13:53:38.619	info	Actual 	{"pid": 56443}
2020/11/13 - 13:56:56.458	error	accept tcp [::]:8080: use of closed network connection
2020/11/13 - 13:57:05.453	info	use middleware logger
2020/11/13 - 13:57:05.453	info	use middleware cors
2020/11/13 - 13:57:05.453	info	register swagger handler
2020/11/13 - 13:57:05.453	info	router register success
2020/11/13 - 13:57:05.453	info	server run success on 	{"address": ":8080"}
2020/11/13 - 13:57:05.454	info	Actual 	{"pid": 57158}
2020/11/13 - 14:13:01.287	error	accept tcp [::]:8080: use of closed network connection
2020/11/13 - 14:13:07.278	info	use middleware logger
2020/11/13 - 14:13:07.278	info	use middleware cors
2020/11/13 - 14:13:07.279	info	register swagger handler
2020/11/13 - 14:13:07.279	info	router register success
2020/11/13 - 14:13:07.279	info	server run success on 	{"address": ":8080"}
2020/11/13 - 14:13:07.279	info	Actual 	{"pid": 60348}
2020/11/13 - 14:31:27.874	error	accept tcp [::]:8080: use of closed network connection
2020/11/13 - 14:31:49.285	info	use middleware logger
2020/11/13 - 14:31:49.286	info	use middleware cors
2020/11/13 - 14:31:49.286	info	register swagger handler
2020/11/13 - 14:31:49.286	info	router register success
2020/11/13 - 14:31:49.286	info	server run success on 	{"address": ":8080"}
